build/app/intermediates/manifest_merge_blame_file/debug/manifest-merger-blame-debug-report.txt
1<?xml version="1.0" encoding="utf-8"?>
2<manifest xmlns:android="http://schemas.android.com/apk/res/android"
3    package="com.anipopplaza.languagewordsearch"
4    android:versionCode="1"
5    android:versionName="0.0.1" >
6
7    <uses-sdk
8        android:minSdkVersion="19"
9        android:targetSdkVersion="33" />
10    <!--
11         The INTERNET permission is required for development. Specifically,
12         the Flutter tool needs it to communicate with the running application
13         to allow setting breakpoints, to provide hot reload, etc.
14    -->
15    <uses-permission android:name="android.permission.INTERNET" />
15-->src/debug/AndroidManifest.xml:7:5-66
15-->src/debug/AndroidManifest.xml:7:22-64
16    <uses-permission android:name="com.android.vending.BILLING" />
16-->[com.android.billingclient:billing:6.0.1] AndroidManifest.xml:10:5-67
16-->[com.android.billingclient:billing:6.0.1] AndroidManifest.xml:10:22-64
17
18    <queries>
18-->[com.android.billingclient:billing:6.0.1] AndroidManifest.xml:12:5-16:15
19        <intent>
19-->[com.android.billingclient:billing:6.0.1] AndroidManifest.xml:13:9-15:18
20            <action android:name="com.android.vending.billing.InAppBillingService.BIND" />
20-->[com.android.billingclient:billing:6.0.1] AndroidManifest.xml:14:13-91
20-->[com.android.billingclient:billing:6.0.1] AndroidManifest.xml:14:21-88
21        </intent>
22        <!-- For browser content -->
23        <intent>
23-->[com.google.android.gms:play-services-ads-lite:22.0.0] AndroidManifest.xml:35:9-41:18
24            <action android:name="android.intent.action.VIEW" />
24-->[com.google.android.gms:play-services-ads-lite:22.0.0] AndroidManifest.xml:36:13-65
24-->[com.google.android.gms:play-services-ads-lite:22.0.0] AndroidManifest.xml:36:21-62
25
26            <category android:name="android.intent.category.BROWSABLE" />
26-->[com.google.android.gms:play-services-ads-lite:22.0.0] AndroidManifest.xml:38:13-74
26-->[com.google.android.gms:play-services-ads-lite:22.0.0] AndroidManifest.xml:38:23-71
27
28            <data android:scheme="https" />
28-->[com.google.android.gms:play-services-ads-lite:22.0.0] AndroidManifest.xml:40:13-44
28-->[com.google.android.gms:play-services-ads-lite:22.0.0] AndroidManifest.xml:40:19-41
29        </intent> <!-- End of browser content -->
30        <!-- For CustomTabsService -->
31        <intent>
31-->[com.google.android.gms:play-services-ads-lite:22.0.0] AndroidManifest.xml:44:9-46:18
32            <action android:name="android.support.customtabs.action.CustomTabsService" />
32-->[com.google.android.gms:play-services-ads-lite:22.0.0] AndroidManifest.xml:45:13-90
32-->[com.google.android.gms:play-services-ads-lite:22.0.0] AndroidManifest.xml:45:21-87
33        </intent>
34    </queries> <!-- Although the *SdkVersion is captured in gradle build files, this is required for non gradle builds -->
35    <!-- <uses-sdk android:minSdkVersion="14"/> -->
36    <uses-permission android:name="android.permission.ACCESS_NETWORK_STATE" />
36-->[com.google.android.datatransport:transport-backend-cct:3.1.9] AndroidManifest.xml:24:5-79
36-->[com.google.android.datatransport:transport-backend-cct:3.1.9] AndroidManifest.xml:24:22-76
37    <uses-permission android:name="com.google.android.gms.permission.AD_ID" />
37-->[com.google.android.gms:play-services-ads-lite:22.0.0] AndroidManifest.xml:26:5-79
37-->[com.google.android.gms:play-services-ads-lite:22.0.0] AndroidManifest.xml:26:22-76
38    <uses-permission android:name="android.permission.WAKE_LOCK" />
38-->[com.google.android.gms:play-services-measurement-sdk-api:20.1.2] AndroidManifest.xml:25:5-68
38-->[com.google.android.gms:play-services-measurement-sdk-api:20.1.2] AndroidManifest.xml:25:22-65
39    <uses-permission android:name="android.permission.FOREGROUND_SERVICE" />
39-->[androidx.work:work-runtime:2.7.0] AndroidManifest.xml:28:5-77
39-->[androidx.work:work-runtime:2.7.0] AndroidManifest.xml:28:22-74
40
41    <permission
41-->[androidx.core:core:1.9.0] AndroidManifest.xml:22:5-24:47
42        android:name="com.anipopplaza.languagewordsearch.DYNAMIC_RECEIVER_NOT_EXPORTED_PERMISSION"
42-->[androidx.core:core:1.9.0] AndroidManifest.xml:23:9-81
43        android:protectionLevel="signature" />
43-->[androidx.core:core:1.9.0] AndroidManifest.xml:24:9-44
44
45    <uses-permission android:name="com.anipopplaza.languagewordsearch.DYNAMIC_RECEIVER_NOT_EXPORTED_PERMISSION" />
45-->[androidx.core:core:1.9.0] AndroidManifest.xml:26:5-97
45-->[androidx.core:core:1.9.0] AndroidManifest.xml:26:22-94
46
47    <application
48        android:name="io.flutter.app.FlutterMultiDexApplication"
49        android:appComponentFactory="androidx.core.app.CoreComponentFactory"
49-->[androidx.core:core:1.9.0] AndroidManifest.xml:28:18-86
50        android:debuggable="true"
51        android:icon="@mipmap/ic_launcher"
52        android:label="languagewordsearch" >
53        <activity
54            android:name="com.anipopplaza.languagewordsearch.MainActivity"
55            android:configChanges="orientation|keyboardHidden|keyboard|screenSize|smallestScreenSize|locale|layoutDirection|fontScale|screenLayout|density|uiMode"
56            android:exported="true"
57            android:hardwareAccelerated="true"
58            android:launchMode="singleTop"
59            android:theme="@style/LaunchTheme"
60            android:windowSoftInputMode="adjustResize" >
61
62            <!--
63                 Specifies an Android theme to apply to this Activity as soon as
64                 the Android process has started. This theme is visible to the user
65                 while the Flutter UI initializes. After that, this theme continues
66                 to determine the Window background behind the Flutter UI.
67            -->
68            <meta-data
69                android:name="io.flutter.embedding.android.NormalTheme"
70                android:resource="@style/NormalTheme" />
71
72            <intent-filter>
73                <action android:name="android.intent.action.MAIN" />
74
75                <category android:name="android.intent.category.LAUNCHER" />
76            </intent-filter>
77        </activity>
78        <!-- Google Mobile Ads -->
79        <!--
80             TODO: Replace the sample AdMob app ID with an actual app ID.
81                   See README.txt for details.
82        -->
83        <meta-data
84            android:name="com.google.android.gms.ads.APPLICATION_ID"
85            android:value="ca-app-pub-3940256099942544~3347511713" />
86        <!-- Google Play Games -->
87        <!--
88            Warning: Never include the Play Games app_id directly here.
89                     It won't work. Use the XML file in res/values.
90        -->
91        <meta-data
92            android:name="com.google.android.gms.games.APP_ID"
93            android:value="@string/app_id" />
94        <meta-data
95            android:name="com.google.android.gms.version"
96            android:value="@integer/google_play_services_version" />
97        <!--
98             Don't delete the meta-data below.
99             This is used by the Flutter tool to generate GeneratedPluginRegistrant.java
100        -->
101        <meta-data
102            android:name="flutterEmbedding"
103            android:value="2" />
104
105        <service
105-->[:firebase_crashlytics] AndroidManifest.xml:10:9-14:19
106            android:name="com.google.firebase.components.ComponentDiscoveryService"
106-->[:firebase_crashlytics] AndroidManifest.xml:10:18-89
107            android:directBootAware="true"
107-->[com.google.firebase:firebase-common:20.3.3] AndroidManifest.xml:34:13-43
108            android:exported="false" >
108-->[com.google.firebase:firebase-crashlytics:18.4.0] AndroidManifest.xml:16:13-37
109            <meta-data
109-->[:firebase_crashlytics] AndroidManifest.xml:11:13-13:85
110                android:name="com.google.firebase.components:io.flutter.plugins.firebase.crashlytics.FlutterFirebaseAppRegistrar"
110-->[:firebase_crashlytics] AndroidManifest.xml:12:17-130
111                android:value="com.google.firebase.components.ComponentRegistrar" />
111-->[:firebase_crashlytics] AndroidManifest.xml:13:17-82
112            <meta-data
112-->[:firebase_core] AndroidManifest.xml:11:13-13:85
113                android:name="com.google.firebase.components:io.flutter.plugins.firebase.core.FlutterFirebaseCoreRegistrar"
113-->[:firebase_core] AndroidManifest.xml:12:17-124
114                android:value="com.google.firebase.components.ComponentRegistrar" />
114-->[:firebase_core] AndroidManifest.xml:13:17-82
115            <meta-data
115-->[com.google.firebase:firebase-crashlytics:18.4.0] AndroidManifest.xml:17:13-19:85
116                android:name="com.google.firebase.components:com.google.firebase.crashlytics.CrashlyticsRegistrar"
116-->[com.google.firebase:firebase-crashlytics:18.4.0] AndroidManifest.xml:18:17-115
117                android:value="com.google.firebase.components.ComponentRegistrar" />
117-->[com.google.firebase:firebase-crashlytics:18.4.0] AndroidManifest.xml:19:17-82
118            <meta-data
118-->[com.google.firebase:firebase-sessions:1.0.0] AndroidManifest.xml:27:13-29:85
119                android:name="com.google.firebase.components:com.google.firebase.sessions.FirebaseSessionsRegistrar"
119-->[com.google.firebase:firebase-sessions:1.0.0] AndroidManifest.xml:28:17-117
120                android:value="com.google.firebase.components.ComponentRegistrar" />
120-->[com.google.firebase:firebase-sessions:1.0.0] AndroidManifest.xml:29:17-82
121            <meta-data
121-->[com.google.firebase:firebase-common-ktx:20.3.3] AndroidManifest.xml:14:13-16:85
122                android:name="com.google.firebase.components:com.google.firebase.ktx.FirebaseCommonKtxRegistrar"
122-->[com.google.firebase:firebase-common-ktx:20.3.3] AndroidManifest.xml:15:17-113
123                android:value="com.google.firebase.components.ComponentRegistrar" />
123-->[com.google.firebase:firebase-common-ktx:20.3.3] AndroidManifest.xml:16:17-82
124            <meta-data
124-->[com.google.firebase:firebase-datatransport:18.1.8] AndroidManifest.xml:27:13-29:85
125                android:name="com.google.firebase.components:com.google.firebase.datatransport.TransportRegistrar"
125-->[com.google.firebase:firebase-datatransport:18.1.8] AndroidManifest.xml:28:17-115
126                android:value="com.google.firebase.components.ComponentRegistrar" />
126-->[com.google.firebase:firebase-datatransport:18.1.8] AndroidManifest.xml:29:17-82
127            <meta-data
127-->[com.google.firebase:firebase-installations:17.1.3] AndroidManifest.xml:17:13-19:85
128                android:name="com.google.firebase.components:com.google.firebase.installations.FirebaseInstallationsRegistrar"
128-->[com.google.firebase:firebase-installations:17.1.3] AndroidManifest.xml:18:17-127
129                android:value="com.google.firebase.components.ComponentRegistrar" />
129-->[com.google.firebase:firebase-installations:17.1.3] AndroidManifest.xml:19:17-82
130        </service>
131
132        <meta-data
132-->[:google_mobile_ads] AndroidManifest.xml:12:9-14:36
133            android:name="io.flutter.embedded_views_preview"
133-->[:google_mobile_ads] AndroidManifest.xml:13:13-61
134            android:value="true" />
134-->[:google_mobile_ads] AndroidManifest.xml:14:13-33
135
136        <uses-library
136-->[androidx.window:window:1.0.0-beta04] AndroidManifest.xml:25:9-27:40
137            android:name="androidx.window.extensions"
137-->[androidx.window:window:1.0.0-beta04] AndroidManifest.xml:26:13-54
138            android:required="false" />
138-->[androidx.window:window:1.0.0-beta04] AndroidManifest.xml:27:13-37
139        <uses-library
139-->[androidx.window:window:1.0.0-beta04] AndroidManifest.xml:28:9-30:40
140            android:name="androidx.window.sidecar"
140-->[androidx.window:window:1.0.0-beta04] AndroidManifest.xml:29:13-51
141            android:required="false" />
141-->[androidx.window:window:1.0.0-beta04] AndroidManifest.xml:30:13-37
142
143        <meta-data
143-->[com.android.billingclient:billing:6.0.1] AndroidManifest.xml:19:9-21:37
144            android:name="com.google.android.play.billingclient.version"
144-->[com.android.billingclient:billing:6.0.1] AndroidManifest.xml:20:13-73
145            android:value="6.0.1" />
145-->[com.android.billingclient:billing:6.0.1] AndroidManifest.xml:21:13-34
146
147        <activity
147-->[com.android.billingclient:billing:6.0.1] AndroidManifest.xml:23:9-27:75
148            android:name="com.android.billingclient.api.ProxyBillingActivity"
148-->[com.android.billingclient:billing:6.0.1] AndroidManifest.xml:24:13-78
149            android:configChanges="keyboard|keyboardHidden|screenLayout|screenSize|orientation"
149-->[com.android.billingclient:billing:6.0.1] AndroidManifest.xml:25:13-96
150            android:exported="false"
150-->[com.android.billingclient:billing:6.0.1] AndroidManifest.xml:26:13-37
151            android:theme="@android:style/Theme.Translucent.NoTitleBar" />
151-->[com.android.billingclient:billing:6.0.1] AndroidManifest.xml:27:13-72
152
153        <service
153-->[com.google.android.datatransport:transport-backend-cct:3.1.9] AndroidManifest.xml:28:9-34:19
154            android:name="com.google.android.datatransport.runtime.backends.TransportBackendDiscovery"
154-->[com.google.android.datatransport:transport-backend-cct:3.1.9] AndroidManifest.xml:29:13-103
155            android:exported="false" >
155-->[com.google.android.datatransport:transport-backend-cct:3.1.9] AndroidManifest.xml:30:13-37
156            <meta-data
156-->[com.google.android.datatransport:transport-backend-cct:3.1.9] AndroidManifest.xml:31:13-33:39
157                android:name="backend:com.google.android.datatransport.cct.CctBackendFactory"
157-->[com.google.android.datatransport:transport-backend-cct:3.1.9] AndroidManifest.xml:32:17-94
158                android:value="cct" />
158-->[com.google.android.datatransport:transport-backend-cct:3.1.9] AndroidManifest.xml:33:17-36
159        </service>
160
161        <provider
161-->[com.google.firebase:firebase-common:20.3.3] AndroidManifest.xml:25:9-30:39
162            android:name="com.google.firebase.provider.FirebaseInitProvider"
162-->[com.google.firebase:firebase-common:20.3.3] AndroidManifest.xml:26:13-77
163            android:authorities="com.anipopplaza.languagewordsearch.firebaseinitprovider"
163-->[com.google.firebase:firebase-common:20.3.3] AndroidManifest.xml:27:13-72
164            android:directBootAware="true"
164-->[com.google.firebase:firebase-common:20.3.3] AndroidManifest.xml:28:13-43
165            android:exported="false"
165-->[com.google.firebase:firebase-common:20.3.3] AndroidManifest.xml:29:13-37
166            android:initOrder="100" />
166-->[com.google.firebase:firebase-common:20.3.3] AndroidManifest.xml:30:13-36
167
168        <activity
168-->[com.google.android.gms:play-services-auth:20.2.0] AndroidManifest.xml:23:9-27:75
169            android:name="com.google.android.gms.auth.api.signin.internal.SignInHubActivity"
169-->[com.google.android.gms:play-services-auth:20.2.0] AndroidManifest.xml:24:13-93
170            android:excludeFromRecents="true"
170-->[com.google.android.gms:play-services-auth:20.2.0] AndroidManifest.xml:25:13-46
171            android:exported="false"
171-->[com.google.android.gms:play-services-auth:20.2.0] AndroidManifest.xml:26:13-37
172            android:theme="@android:style/Theme.Translucent.NoTitleBar" />
172-->[com.google.android.gms:play-services-auth:20.2.0] AndroidManifest.xml:27:13-72
173        <!--
174            Service handling Google Sign-In user revocation. For apps that do not integrate with
175            Google Sign-In, this service will never be started.
176        -->
177        <service
177-->[com.google.android.gms:play-services-auth:20.2.0] AndroidManifest.xml:33:9-37:51
178            android:name="com.google.android.gms.auth.api.signin.RevocationBoundService"
178-->[com.google.android.gms:play-services-auth:20.2.0] AndroidManifest.xml:34:13-89
179            android:exported="true"
179-->[com.google.android.gms:play-services-auth:20.2.0] AndroidManifest.xml:35:13-36
180            android:permission="com.google.android.gms.auth.api.signin.permission.REVOCATION_NOTIFICATION"
180-->[com.google.android.gms:play-services-auth:20.2.0] AndroidManifest.xml:36:13-107
181            android:visibleToInstantApps="true" />
181-->[com.google.android.gms:play-services-auth:20.2.0] AndroidManifest.xml:37:13-48
182
183        <activity
183-->[com.google.android.gms:play-services-base:18.0.1] AndroidManifest.xml:20:9-22:45
184            android:name="com.google.android.gms.common.api.GoogleApiActivity"
184-->[com.google.android.gms:play-services-base:18.0.1] AndroidManifest.xml:20:19-85
185            android:exported="false"
185-->[com.google.android.gms:play-services-base:18.0.1] AndroidManifest.xml:22:19-43
186            android:theme="@android:style/Theme.Translucent.NoTitleBar" /> <!-- Include the AdActivity and InAppPurchaseActivity configChanges and themes. -->
186-->[com.google.android.gms:play-services-base:18.0.1] AndroidManifest.xml:21:19-78
187        <activity
187-->[com.google.android.gms:play-services-ads-lite:22.0.0] AndroidManifest.xml:53:9-58:43
188            android:name="com.google.android.gms.ads.AdActivity"
188-->[com.google.android.gms:play-services-ads-lite:22.0.0] AndroidManifest.xml:54:13-65
189            android:configChanges="keyboard|keyboardHidden|orientation|screenLayout|uiMode|screenSize|smallestScreenSize"
189-->[com.google.android.gms:play-services-ads-lite:22.0.0] AndroidManifest.xml:55:13-122
190            android:exported="false"
190-->[com.google.android.gms:play-services-ads-lite:22.0.0] AndroidManifest.xml:56:13-37
191            android:theme="@android:style/Theme.Translucent" />
191-->[com.google.android.gms:play-services-ads-lite:22.0.0] AndroidManifest.xml:57:13-61
192
193        <provider
193-->[com.google.android.gms:play-services-ads-lite:22.0.0] AndroidManifest.xml:60:9-65:43
194            android:name="com.google.android.gms.ads.MobileAdsInitProvider"
194-->[com.google.android.gms:play-services-ads-lite:22.0.0] AndroidManifest.xml:61:13-76
195            android:authorities="com.anipopplaza.languagewordsearch.mobileadsinitprovider"
195-->[com.google.android.gms:play-services-ads-lite:22.0.0] AndroidManifest.xml:62:13-73
196            android:exported="false"
196-->[com.google.android.gms:play-services-ads-lite:22.0.0] AndroidManifest.xml:63:13-37
197            android:initOrder="100" />
197-->[com.google.android.gms:play-services-ads-lite:22.0.0] AndroidManifest.xml:64:13-36
198
199        <service
199-->[com.google.android.gms:play-services-ads-lite:22.0.0] AndroidManifest.xml:67:9-71:43
200            android:name="com.google.android.gms.ads.AdService"
200-->[com.google.android.gms:play-services-ads-lite:22.0.0] AndroidManifest.xml:68:13-64
201            android:enabled="true"
201-->[com.google.android.gms:play-services-ads-lite:22.0.0] AndroidManifest.xml:69:13-35
202            android:exported="false" />
202-->[com.google.android.gms:play-services-ads-lite:22.0.0] AndroidManifest.xml:70:13-37
203
204        <activity
204-->[com.google.android.gms:play-services-ads-lite:22.0.0] AndroidManifest.xml:73:9-77:43
205            android:name="com.google.android.gms.ads.OutOfContextTestingActivity"
205-->[com.google.android.gms:play-services-ads-lite:22.0.0] AndroidManifest.xml:74:13-82
206            android:configChanges="keyboard|keyboardHidden|orientation|screenLayout|uiMode|screenSize|smallestScreenSize"
206-->[com.google.android.gms:play-services-ads-lite:22.0.0] AndroidManifest.xml:75:13-122
207            android:exported="false" />
207-->[com.google.android.gms:play-services-ads-lite:22.0.0] AndroidManifest.xml:76:13-37
208
209        <provider
209-->[androidx.work:work-runtime:2.7.0] AndroidManifest.xml:31:9-39:20
210            android:name="androidx.startup.InitializationProvider"
210-->[androidx.work:work-runtime:2.7.0] AndroidManifest.xml:32:13-67
211            android:authorities="com.anipopplaza.languagewordsearch.androidx-startup"
211-->[androidx.work:work-runtime:2.7.0] AndroidManifest.xml:33:13-68
212            android:exported="false" >
212-->[androidx.work:work-runtime:2.7.0] AndroidManifest.xml:34:13-37
213            <meta-data
213-->[androidx.work:work-runtime:2.7.0] AndroidManifest.xml:36:13-38:52
214                android:name="androidx.work.WorkManagerInitializer"
214-->[androidx.work:work-runtime:2.7.0] AndroidManifest.xml:37:17-68
215                android:value="androidx.startup" />
215-->[androidx.work:work-runtime:2.7.0] AndroidManifest.xml:38:17-49
216        </provider>
217
218        <service
218-->[androidx.work:work-runtime:2.7.0] AndroidManifest.xml:41:9-46:35
219            android:name="androidx.work.impl.background.systemalarm.SystemAlarmService"
219-->[androidx.work:work-runtime:2.7.0] AndroidManifest.xml:42:13-88
220            android:directBootAware="false"
220-->[androidx.work:work-runtime:2.7.0] AndroidManifest.xml:43:13-44
221            android:enabled="@bool/enable_system_alarm_service_default"
221-->[androidx.work:work-runtime:2.7.0] AndroidManifest.xml:44:13-72
222            android:exported="false" />
222-->[androidx.work:work-runtime:2.7.0] AndroidManifest.xml:45:13-37
223        <service
223-->[androidx.work:work-runtime:2.7.0] AndroidManifest.xml:47:9-53:35
224            android:name="androidx.work.impl.background.systemjob.SystemJobService"
224-->[androidx.work:work-runtime:2.7.0] AndroidManifest.xml:48:13-84
225            android:directBootAware="false"
225-->[androidx.work:work-runtime:2.7.0] AndroidManifest.xml:49:13-44
226            android:enabled="@bool/enable_system_job_service_default"
226-->[androidx.work:work-runtime:2.7.0] AndroidManifest.xml:50:13-70
227            android:exported="true"
227-->[androidx.work:work-runtime:2.7.0] AndroidManifest.xml:51:13-36
228            android:permission="android.permission.BIND_JOB_SERVICE" />
228-->[androidx.work:work-runtime:2.7.0] AndroidManifest.xml:52:13-69
229        <service
229-->[androidx.work:work-runtime:2.7.0] AndroidManifest.xml:54:9-59:35
230            android:name="androidx.work.impl.foreground.SystemForegroundService"
230-->[androidx.work:work-runtime:2.7.0] AndroidManifest.xml:55:13-81
231            android:directBootAware="false"
231-->[androidx.work:work-runtime:2.7.0] AndroidManifest.xml:56:13-44
232            android:enabled="@bool/enable_system_foreground_service_default"
232-->[androidx.work:work-runtime:2.7.0] AndroidManifest.xml:57:13-77
233            android:exported="false" />
233-->[androidx.work:work-runtime:2.7.0] AndroidManifest.xml:58:13-37
234
235        <receiver
235-->[androidx.work:work-runtime:2.7.0] AndroidManifest.xml:61:9-66:35
236            android:name="androidx.work.impl.utils.ForceStopRunnable$BroadcastReceiver"
236-->[androidx.work:work-runtime:2.7.0] AndroidManifest.xml:62:13-88
237            android:directBootAware="false"
237-->[androidx.work:work-runtime:2.7.0] AndroidManifest.xml:63:13-44
238            android:enabled="true"
238-->[androidx.work:work-runtime:2.7.0] AndroidManifest.xml:64:13-35
239            android:exported="false" />
239-->[androidx.work:work-runtime:2.7.0] AndroidManifest.xml:65:13-37
240        <receiver
240-->[androidx.work:work-runtime:2.7.0] AndroidManifest.xml:67:9-77:20
241            android:name="androidx.work.impl.background.systemalarm.ConstraintProxy$BatteryChargingProxy"
241-->[androidx.work:work-runtime:2.7.0] AndroidManifest.xml:68:13-106
242            android:directBootAware="false"
242-->[androidx.work:work-runtime:2.7.0] AndroidManifest.xml:69:13-44
243            android:enabled="false"
243-->[androidx.work:work-runtime:2.7.0] AndroidManifest.xml:70:13-36
244            android:exported="false" >
244-->[androidx.work:work-runtime:2.7.0] AndroidManifest.xml:71:13-37
245            <intent-filter>
245-->[androidx.work:work-runtime:2.7.0] AndroidManifest.xml:73:13-76:29
246                <action android:name="android.intent.action.ACTION_POWER_CONNECTED" />
246-->[androidx.work:work-runtime:2.7.0] AndroidManifest.xml:74:17-87
246-->[androidx.work:work-runtime:2.7.0] AndroidManifest.xml:74:25-84
247                <action android:name="android.intent.action.ACTION_POWER_DISCONNECTED" />
247-->[androidx.work:work-runtime:2.7.0] AndroidManifest.xml:75:17-90
247-->[androidx.work:work-runtime:2.7.0] AndroidManifest.xml:75:25-87
248            </intent-filter>
249        </receiver>
250        <receiver
250-->[androidx.work:work-runtime:2.7.0] AndroidManifest.xml:78:9-88:20
251            android:name="androidx.work.impl.background.systemalarm.ConstraintProxy$BatteryNotLowProxy"
251-->[androidx.work:work-runtime:2.7.0] AndroidManifest.xml:79:13-104
252            android:directBootAware="false"
252-->[androidx.work:work-runtime:2.7.0] AndroidManifest.xml:80:13-44
253            android:enabled="false"
253-->[androidx.work:work-runtime:2.7.0] AndroidManifest.xml:81:13-36
254            android:exported="false" >
254-->[androidx.work:work-runtime:2.7.0] AndroidManifest.xml:82:13-37
255            <intent-filter>
255-->[androidx.work:work-runtime:2.7.0] AndroidManifest.xml:84:13-87:29
256                <action android:name="android.intent.action.BATTERY_OKAY" />
256-->[androidx.work:work-runtime:2.7.0] AndroidManifest.xml:85:17-77
256-->[androidx.work:work-runtime:2.7.0] AndroidManifest.xml:85:25-74
257                <action android:name="android.intent.action.BATTERY_LOW" />
257-->[androidx.work:work-runtime:2.7.0] AndroidManifest.xml:86:17-76
257-->[androidx.work:work-runtime:2.7.0] AndroidManifest.xml:86:25-73
258            </intent-filter>
259        </receiver>
260        <receiver
260-->[androidx.work:work-runtime:2.7.0] AndroidManifest.xml:89:9-99:20
261            android:name="androidx.work.impl.background.systemalarm.ConstraintProxy$StorageNotLowProxy"
261-->[androidx.work:work-runtime:2.7.0] AndroidManifest.xml:90:13-104
262            android:directBootAware="false"
262-->[androidx.work:work-runtime:2.7.0] AndroidManifest.xml:91:13-44
263            android:enabled="false"
263-->[androidx.work:work-runtime:2.7.0] AndroidManifest.xml:92:13-36
264            android:exported="false" >
264-->[androidx.work:work-runtime:2.7.0] AndroidManifest.xml:93:13-37
265            <intent-filter>
265-->[androidx.work:work-runtime:2.7.0] AndroidManifest.xml:95:13-98:29
266                <action android:name="android.intent.action.DEVICE_STORAGE_LOW" />
266-->[androidx.work:work-runtime:2.7.0] AndroidManifest.xml:96:17-83
266-->[androidx.work:work-runtime:2.7.0] AndroidManifest.xml:96:25-80
267                <action android:name="android.intent.action.DEVICE_STORAGE_OK" />
267-->[androidx.work:work-runtime:2.7.0] AndroidManifest.xml:97:17-82
267-->[androidx.work:work-runtime:2.7.0] AndroidManifest.xml:97:25-79
268            </intent-filter>
269        </receiver>
270        <receiver
270-->[androidx.work:work-runtime:2.7.0] AndroidManifest.xml:100:9-109:20
271            android:name="androidx.work.impl.background.systemalarm.ConstraintProxy$NetworkStateProxy"
271-->[androidx.work:work-runtime:2.7.0] AndroidManifest.xml:101:13-103
272            android:directBootAware="false"
272-->[androidx.work:work-runtime:2.7.0] AndroidManifest.xml:102:13-44
273            android:enabled="false"
273-->[androidx.work:work-runtime:2.7.0] AndroidManifest.xml:103:13-36
274            android:exported="false" >
274-->[androidx.work:work-runtime:2.7.0] AndroidManifest.xml:104:13-37
275            <intent-filter>
275-->[androidx.work:work-runtime:2.7.0] AndroidManifest.xml:106:13-108:29
276                <action android:name="android.net.conn.CONNECTIVITY_CHANGE" />
276-->[androidx.work:work-runtime:2.7.0] AndroidManifest.xml:107:17-79
276-->[androidx.work:work-runtime:2.7.0] AndroidManifest.xml:107:25-76
277            </intent-filter>
278        </receiver>
279        <receiver
279-->[androidx.work:work-runtime:2.7.0] AndroidManifest.xml:110:9-121:20
280            android:name="androidx.work.impl.background.systemalarm.RescheduleReceiver"
280-->[androidx.work:work-runtime:2.7.0] AndroidManifest.xml:111:13-88
281            android:directBootAware="false"
281-->[androidx.work:work-runtime:2.7.0] AndroidManifest.xml:112:13-44
282            android:enabled="false"
282-->[androidx.work:work-runtime:2.7.0] AndroidManifest.xml:113:13-36
283            android:exported="false" >
283-->[androidx.work:work-runtime:2.7.0] AndroidManifest.xml:114:13-37
284            <intent-filter>
284-->[androidx.work:work-runtime:2.7.0] AndroidManifest.xml:116:13-120:29
285                <action android:name="android.intent.action.BOOT_COMPLETED" />
285-->[androidx.work:work-runtime:2.7.0] AndroidManifest.xml:117:17-79
285-->[androidx.work:work-runtime:2.7.0] AndroidManifest.xml:117:25-76
286                <action android:name="android.intent.action.TIME_SET" />
286-->[androidx.work:work-runtime:2.7.0] AndroidManifest.xml:118:17-73
286-->[androidx.work:work-runtime:2.7.0] AndroidManifest.xml:118:25-70
287                <action android:name="android.intent.action.TIMEZONE_CHANGED" />
287-->[androidx.work:work-runtime:2.7.0] AndroidManifest.xml:119:17-81
287-->[androidx.work:work-runtime:2.7.0] AndroidManifest.xml:119:25-78
288            </intent-filter>
289        </receiver>
290        <receiver
290-->[androidx.work:work-runtime:2.7.0] AndroidManifest.xml:122:9-131:20
291            android:name="androidx.work.impl.background.systemalarm.ConstraintProxyUpdateReceiver"
291-->[androidx.work:work-runtime:2.7.0] AndroidManifest.xml:123:13-99
292            android:directBootAware="false"
292-->[androidx.work:work-runtime:2.7.0] AndroidManifest.xml:124:13-44